Array
(
    [blog_images] => Array
        (
            [name] => Array
                (
                    [0] => Screenshot (67).png
                )

            [full_path] => Array
                (
                    [0] => Screenshot (67).png
                )

            [type] => Array
                (
                    [0] => image/png
                )

            [tmp_name] => Array
                (
                    [0] => C:\xampp\tmp\php43DF.tmp
                )

            [error] => Array
                (
                    [0] => 0
                )

            [size] => Array
                (
                    [0] => 355985
                )

        )

)
Array
(
    [success] => 1
    [images] => Array
        (
            [0] => Array
                (
                    [url] => uploads/1740481845_0_Screenshot (67).png
                    [placeholder] => [img0]
                )

        )

    [errors] => Array
        (
        )

)
Array
(
    [blog_images] => Array
        (
            [name] => Array
                (
                    [0] => Screenshot (43).png
                )

            [full_path] => Array
                (
                    [0] => Screenshot (43).png
                )

            [type] => Array
                (
                    [0] => image/png
                )

            [tmp_name] => Array
                (
                    [0] => C:\xampp\tmp\phpA2C5.tmp
                )

            [error] => Array
                (
                    [0] => 0
                )

            [size] => Array
                (
                    [0] => 206167
                )

        )

)
Uploading Screenshot (43).png from C:\xampp\tmp\phpA2C5.tmp
Successfully uploaded Screenshot (43).png to uploads/1740481934_0_Screenshot (43).png
Array
(
    [success] => 1
    [message] => 
    [images] => Array
        (
            [0] => Array
                (
                    [url] => uploads/1740481934_0_Screenshot (43).png
                    [placeholder] => [img0]
                )

        )

    [errors] => Array
        (
        )

)
Array
(
    [blog_images] => Array
        (
            [name] => Array
                (
                    [0] => Screenshot (40).png
                )

            [full_path] => Array
                (
                    [0] => Screenshot (40).png
                )

            [type] => Array
                (
                    [0] => image/png
                )

            [tmp_name] => Array
                (
                    [0] => C:\xampp\tmp\phpC189.tmp
                )

            [error] => Array
                (
                    [0] => 0
                )

            [size] => Array
                (
                    [0] => 260020
                )

        )

)
Uploading Screenshot (40).png from C:\xampp\tmp\phpC189.tmp
Successfully uploaded Screenshot (40).png to uploads/1740481942_0_Screenshot (40).png
Array
(
    [success] => 1
    [message] => 
    [images] => Array
        (
            [0] => Array
                (
                    [url] => uploads/1740481942_0_Screenshot (40).png
                    [placeholder] => [img0]
                )

        )

    [errors] => Array
        (
        )

)
Array
(
    [blog_images] => Array
        (
            [name] => Array
                (
                    [0] => Screenshot (36).png
                )

            [full_path] => Array
                (
                    [0] => Screenshot (36).png
                )

            [type] => Array
                (
                    [0] => image/png
                )

            [tmp_name] => Array
                (
                    [0] => C:\xampp\tmp\phpE658.tmp
                )

            [error] => Array
                (
                    [0] => 0
                )

            [size] => Array
                (
                    [0] => 829617
                )

        )

)
Uploading Screenshot (36).png from C:\xampp\tmp\phpE658.tmp
Successfully uploaded Screenshot (36).png to uploads/1740481952_0_Screenshot (36).png
Array
(
    [success] => 1
    [message] => 
    [images] => Array
        (
            [0] => Array
                (
                    [url] => uploads/1740481952_0_Screenshot (36).png
                    [placeholder] => [img0]
                )

        )

    [errors] => Array
        (
        )

)
Array
(
    [blog_images] => Array
        (
            [name] => Array
                (
                    [0] => Screenshot (23).png
                )

            [full_path] => Array
                (
                    [0] => Screenshot (23).png
                )

            [type] => Array
                (
                    [0] => image/png
                )

            [tmp_name] => Array
                (
                    [0] => C:\xampp\tmp\phpD711.tmp
                )

            [error] => Array
                (
                    [0] => 0
                )

            [size] => Array
                (
                    [0] => 211040
                )

        )

)
Uploading Screenshot (23).png from C:\xampp\tmp\phpD711.tmp
Successfully uploaded Screenshot (23).png to uploads/1740482472_0_Screenshot (23).png
Array
(
    [success] => 1
    [message] => 
    [images] => Array
        (
            [0] => Array
                (
                    [url] => uploads/1740482472_0_Screenshot (23).png
                    [placeholder] => [img0]
                )

        )

    [errors] => Array
        (
        )

)
Array
(
    [blog_images] => Array
        (
            [name] => Array
                (
                    [0] => Screenshot (28).png
                )

            [full_path] => Array
                (
                    [0] => Screenshot (28).png
                )

            [type] => Array
                (
                    [0] => image/png
                )

            [tmp_name] => Array
                (
                    [0] => C:\xampp\tmp\phpF8D3.tmp
                )

            [error] => Array
                (
                    [0] => 0
                )

            [size] => Array
                (
                    [0] => 267727
                )

        )

)
Uploading Screenshot (28).png from C:\xampp\tmp\phpF8D3.tmp
Successfully uploaded Screenshot (28).png to uploads/1740482481_0_Screenshot (28).png
Array
(
    [success] => 1
    [message] => 
    [images] => Array
        (
            [0] => Array
                (
                    [url] => uploads/1740482481_0_Screenshot (28).png
                    [placeholder] => [img0]
                )

        )

    [errors] => Array
        (
        )

)
Array
(
    [blog_images] => Array
        (
            [name] => Array
                (
                    [0] => Screenshot (23).png
                )

            [full_path] => Array
                (
                    [0] => Screenshot (23).png
                )

            [type] => Array
                (
                    [0] => image/png
                )

            [tmp_name] => Array
                (
                    [0] => C:\xampp\tmp\php615F.tmp
                )

            [error] => Array
                (
                    [0] => 0
                )

            [size] => Array
                (
                    [0] => 211040
                )

        )

)
Uploading Screenshot (23).png from C:\xampp\tmp\php615F.tmp
Successfully uploaded Screenshot (23).png to uploads/1740482573_0_Screenshot (23).png
Array
(
    [success] => 1
    [message] => 
    [images] => Array
        (
            [0] => Array
                (
                    [url] => uploads/1740482573_0_Screenshot (23).png
                    [placeholder] => [img0]
                )

        )

    [errors] => Array
        (
        )

)
Array
(
    [blog_images] => Array
        (
            [name] => Array
                (
                    [0] => Screenshot (21).png
                )

            [full_path] => Array
                (
                    [0] => Screenshot (21).png
                )

            [type] => Array
                (
                    [0] => image/png
                )

            [tmp_name] => Array
                (
                    [0] => C:\xampp\tmp\php84E5.tmp
                )

            [error] => Array
                (
                    [0] => 0
                )

            [size] => Array
                (
                    [0] => 96879
                )

        )

)
Uploading Screenshot (21).png from C:\xampp\tmp\php84E5.tmp
Successfully uploaded Screenshot (21).png to uploads/1740482582_0_Screenshot (21).png
Array
(
    [success] => 1
    [message] => 
    [images] => Array
        (
            [0] => Array
                (
                    [url] => uploads/1740482582_0_Screenshot (21).png
                    [placeholder] => [img0]
                )

        )

    [errors] => Array
        (
        )

)
Array
(
    [blog_images] => Array
        (
            [name] => Array
                (
                    [0] => Screenshot (27).png
                )

            [full_path] => Array
                (
                    [0] => Screenshot (27).png
                )

            [type] => Array
                (
                    [0] => image/png
                )

            [tmp_name] => Array
                (
                    [0] => C:\xampp\tmp\php124E.tmp
                )

            [error] => Array
                (
                    [0] => 0
                )

            [size] => Array
                (
                    [0] => 265076
                )

        )

)
Uploading Screenshot (27).png from C:\xampp\tmp\php124E.tmp
Successfully uploaded Screenshot (27).png to uploads/1740482684_0_Screenshot (27).png
Array
(
    [success] => 1
    [message] => 
    [images] => Array
        (
            [0] => Array
                (
                    [url] => uploads/1740482684_0_Screenshot (27).png
                    [placeholder] => [img0]
                )

        )

    [errors] => Array
        (
        )

)
Array
(
    [blog_images] => Array
        (
            [name] => Array
                (
                    [0] => Screenshot (31).png
                )

            [full_path] => Array
                (
                    [0] => Screenshot (31).png
                )

            [type] => Array
                (
                    [0] => image/png
                )

            [tmp_name] => Array
                (
                    [0] => C:\xampp\tmp\php64E4.tmp
                )

            [error] => Array
                (
                    [0] => 0
                )

            [size] => Array
                (
                    [0] => 1009138
                )

        )

)
Uploading Screenshot (31).png from C:\xampp\tmp\php64E4.tmp
Successfully uploaded Screenshot (31).png to uploads/1740482705_0_Screenshot (31).png
Array
(
    [success] => 1
    [message] => 
    [images] => Array
        (
            [0] => Array
                (
                    [url] => uploads/1740482705_0_Screenshot (31).png
                    [placeholder] => [img0]
                )

        )

    [errors] => Array
        (
        )

)
Array
(
    [blog_images] => Array
        (
            [name] => Array
                (
                    [0] => Screenshot (29).png
                )

            [full_path] => Array
                (
                    [0] => Screenshot (29).png
                )

            [type] => Array
                (
                    [0] => image/png
                )

            [tmp_name] => Array
                (
                    [0] => C:\xampp\tmp\php2CAB.tmp
                )

            [error] => Array
                (
                    [0] => 0
                )

            [size] => Array
                (
                    [0] => 275868
                )

        )

)
Uploading Screenshot (29).png from C:\xampp\tmp\php2CAB.tmp
Successfully uploaded Screenshot (29).png to uploads/1740482756_0_Screenshot (29).png
Array
(
    [success] => 1
    [message] => 
    [images] => Array
        (
            [0] => Array
                (
                    [url] => uploads/1740482756_0_Screenshot (29).png
                    [placeholder] => [img0]
                )

        )

    [errors] => Array
        (
        )

)
Array
(
    [blog_images] => Array
        (
            [name] => Array
                (
                    [0] => Screenshot (54).png
                )

            [full_path] => Array
                (
                    [0] => Screenshot (54).png
                )

            [type] => Array
                (
                    [0] => image/png
                )

            [tmp_name] => Array
                (
                    [0] => C:\xampp\tmp\php54F4.tmp
                )

            [error] => Array
                (
                    [0] => 0
                )

            [size] => Array
                (
                    [0] => 188499
                )

        )

)
Uploading Screenshot (54).png from C:\xampp\tmp\php54F4.tmp
Successfully uploaded Screenshot (54).png to uploads/1740482766_0_Screenshot (54).png
Array
(
    [success] => 1
    [message] => 
    [images] => Array
        (
            [0] => Array
                (
                    [url] => uploads/1740482766_0_Screenshot (54).png
                    [placeholder] => [img0]
                )

        )

    [errors] => Array
        (
        )

)
Array
(
    [blog_images] => Array
        (
            [name] => Array
                (
                    [0] => Screenshot (37).png
                )

            [full_path] => Array
                (
                    [0] => Screenshot (37).png
                )

            [type] => Array
                (
                    [0] => image/png
                )

            [tmp_name] => Array
                (
                    [0] => C:\xampp\tmp\php2EAD.tmp
                )

            [error] => Array
                (
                    [0] => 0
                )

            [size] => Array
                (
                    [0] => 262555
                )

        )

)
Uploading Screenshot (37).png from C:\xampp\tmp\php2EAD.tmp
Successfully uploaded Screenshot (37).png to uploads/1740482822_0_Screenshot (37).png
Array
(
    [success] => 1
    [message] => 
    [images] => Array
        (
            [0] => Array
                (
                    [url] => uploads/1740482822_0_Screenshot (37).png
                    [placeholder] => [img0]
                )

        )

    [errors] => Array
        (
        )

)
Array
(
    [blog_images] => Array
        (
            [name] => Array
                (
                    [0] => Screenshot (6).png
                )

            [full_path] => Array
                (
                    [0] => Screenshot (6).png
                )

            [type] => Array
                (
                    [0] => image/png
                )

            [tmp_name] => Array
                (
                    [0] => C:\xampp\tmp\php54B4.tmp
                )

            [error] => Array
                (
                    [0] => 0
                )

            [size] => Array
                (
                    [0] => 194839
                )

        )

)
Uploading Screenshot (6).png from C:\xampp\tmp\php54B4.tmp
Successfully uploaded Screenshot (6).png to uploads/1740482832_0_Screenshot (6).png
Array
(
    [success] => 1
    [message] => 
    [images] => Array
        (
            [0] => Array
                (
                    [url] => uploads/1740482832_0_Screenshot (6).png
                    [placeholder] => [img0]
                )

        )

    [errors] => Array
        (
        )

)
Array
(
    [blog_images] => Array
        (
            [name] => Array
                (
                    [0] => Screenshot (29).png
                )

            [full_path] => Array
                (
                    [0] => Screenshot (29).png
                )

            [type] => Array
                (
                    [0] => image/png
                )

            [tmp_name] => Array
                (
                    [0] => C:\xampp\tmp\phpC1D3.tmp
                )

            [error] => Array
                (
                    [0] => 0
                )

            [size] => Array
                (
                    [0] => 275868
                )

        )

)
Uploading Screenshot (29).png from C:\xampp\tmp\phpC1D3.tmp
Successfully uploaded Screenshot (29).png to uploads/1740482925_0_Screenshot (29).png
Array
(
    [success] => 1
    [message] => 
    [images] => Array
        (
            [0] => Array
                (
                    [url] => uploads/1740482925_0_Screenshot (29).png
                    [placeholder] => [img0]
                )

        )

    [errors] => Array
        (
        )

)
Array
(
    [blog_images] => Array
        (
            [name] => Array
                (
                    [0] => Screenshot (45).png
                )

            [full_path] => Array
                (
                    [0] => Screenshot (45).png
                )

            [type] => Array
                (
                    [0] => image/png
                )

            [tmp_name] => Array
                (
                    [0] => C:\xampp\tmp\phpE877.tmp
                )

            [error] => Array
                (
                    [0] => 0
                )

            [size] => Array
                (
                    [0] => 197929
                )

        )

)
Uploading Screenshot (45).png from C:\xampp\tmp\phpE877.tmp
Successfully uploaded Screenshot (45).png to uploads/1740482935_0_Screenshot (45).png
Array
(
    [success] => 1
    [message] => 
    [images] => Array
        (
            [0] => Array
                (
                    [url] => uploads/1740482935_0_Screenshot (45).png
                    [placeholder] => [img0]
                )

        )

    [errors] => Array
        (
        )

)
Array
(
    [blog_images] => Array
        (
            [name] => Array
                (
                    [0] => Screenshot (27).png
                )

            [full_path] => Array
                (
                    [0] => Screenshot (27).png
                )

            [type] => Array
                (
                    [0] => image/png
                )

            [tmp_name] => Array
                (
                    [0] => C:\xampp\tmp\phpDB03.tmp
                )

            [error] => Array
                (
                    [0] => 0
                )

            [size] => Array
                (
                    [0] => 265076
                )

        )

)
Uploading Screenshot (27).png from C:\xampp\tmp\phpDB03.tmp
Successfully uploaded Screenshot (27).png to uploads/1740482997_0_Screenshot (27).png
Array
(
    [success] => 1
    [message] => 
    [images] => Array
        (
            [0] => Array
                (
                    [url] => uploads/1740482997_0_Screenshot (27).png
                    [placeholder] => [img0]
                )

        )

    [errors] => Array
        (
        )

)
Array
(
    [blog_images] => Array
        (
            [name] => Array
                (
                    [0] => Screenshot (39).png
                )

            [full_path] => Array
                (
                    [0] => Screenshot (39).png
                )

            [type] => Array
                (
                    [0] => image/png
                )

            [tmp_name] => Array
                (
                    [0] => C:\xampp\tmp\phpFAF0.tmp
                )

            [error] => Array
                (
                    [0] => 0
                )

            [size] => Array
                (
                    [0] => 211741
                )

        )

)
Uploading Screenshot (39).png from C:\xampp\tmp\phpFAF0.tmp
Successfully uploaded Screenshot (39).png to uploads/1740483006_0_Screenshot (39).png
Array
(
    [success] => 1
    [message] => 
    [images] => Array
        (
            [0] => Array
                (
                    [url] => uploads/1740483006_0_Screenshot (39).png
                    [placeholder] => [img0]
                )

        )

    [errors] => Array
        (
        )

)
Array
(
    [blog_images] => Array
        (
            [name] => Array
                (
                    [0] => Screenshot (28).png
                )

            [full_path] => Array
                (
                    [0] => Screenshot (28).png
                )

            [type] => Array
                (
                    [0] => image/png
                )

            [tmp_name] => Array
                (
                    [0] => C:\xampp\tmp\php2E61.tmp
                )

            [error] => Array
                (
                    [0] => 0
                )

            [size] => Array
                (
                    [0] => 267727
                )

        )

)
Uploading Screenshot (28).png from C:\xampp\tmp\php2E61.tmp
Successfully uploaded Screenshot (28).png to uploads/1740483084_0_Screenshot (28).png
Array
(
    [success] => 1
    [message] => 
    [images] => Array
        (
            [0] => Array
                (
                    [url] => uploads/1740483084_0_Screenshot (28).png
                    [placeholder] => [img0]
                )

        )

    [errors] => Array
        (
        )

)
Array
(
    [blog_images] => Array
        (
            [name] => Array
                (
                    [0] => Screenshot (30).png
                )

            [full_path] => Array
                (
                    [0] => Screenshot (30).png
                )

            [type] => Array
                (
                    [0] => image/png
                )

            [tmp_name] => Array
                (
                    [0] => C:\xampp\tmp\php51B9.tmp
                )

            [error] => Array
                (
                    [0] => 0
                )

            [size] => Array
                (
                    [0] => 272422
                )

        )

)
Uploading Screenshot (30).png from C:\xampp\tmp\php51B9.tmp
Successfully uploaded Screenshot (30).png to uploads/1740483093_0_Screenshot (30).png
Array
(
    [success] => 1
    [message] => 
    [images] => Array
        (
            [0] => Array
                (
                    [url] => uploads/1740483093_0_Screenshot (30).png
                    [placeholder] => [img0]
                )

        )

    [errors] => Array
        (
        )

)
Array
(
)
Array
(
    [success] => 
    [message] => 
    [images] => Array
        (
        )

    [errors] => Array
        (
            [0] => No images uploaded.
        )

)
Array
(
    [blog_images] => Array
        (
            [name] => Array
                (
                    [0] => Screenshot (27).png
                )

            [full_path] => Array
                (
                    [0] => Screenshot (27).png
                )

            [type] => Array
                (
                    [0] => image/png
                )

            [tmp_name] => Array
                (
                    [0] => C:\xampp\tmp\php2D93.tmp
                )

            [error] => Array
                (
                    [0] => 0
                )

            [size] => Array
                (
                    [0] => 265076
                )

        )

)
Uploading Screenshot (27).png from C:\xampp\tmp\php2D93.tmp
Successfully uploaded Screenshot (27).png to uploads/1740483150_0_Screenshot (27).png
Array
(
    [success] => 1
    [message] => 
    [images] => Array
        (
            [0] => Array
                (
                    [url] => uploads/1740483150_0_Screenshot (27).png
                    [placeholder] => [img0]
                )

        )

    [errors] => Array
        (
        )

)
Array
(
    [blog_images] => Array
        (
            [name] => Array
                (
                    [0] => Screenshot (56).png
                )

            [full_path] => Array
                (
                    [0] => Screenshot (56).png
                )

            [type] => Array
                (
                    [0] => image/png
                )

            [tmp_name] => Array
                (
                    [0] => C:\xampp\tmp\php52CF.tmp
                )

            [error] => Array
                (
                    [0] => 0
                )

            [size] => Array
                (
                    [0] => 256719
                )

        )

)
Uploading Screenshot (56).png from C:\xampp\tmp\php52CF.tmp
Successfully uploaded Screenshot (56).png to uploads/1740483159_0_Screenshot (56).png
Array
(
    [success] => 1
    [message] => 
    [images] => Array
        (
            [0] => Array
                (
                    [url] => uploads/1740483159_0_Screenshot (56).png
                    [placeholder] => [img0]
                )

        )

    [errors] => Array
        (
        )

)
Array
(
    [blog_images] => Array
        (
            [name] => Array
                (
                    [0] => Screenshot (22).png
                )

            [full_path] => Array
                (
                    [0] => Screenshot (22).png
                )

            [type] => Array
                (
                    [0] => image/png
                )

            [tmp_name] => Array
                (
                    [0] => C:\xampp\tmp\php62E4.tmp
                )

            [error] => Array
                (
                    [0] => 0
                )

            [size] => Array
                (
                    [0] => 325372
                )

        )

)
Uploading Screenshot (22).png from C:\xampp\tmp\php62E4.tmp
Successfully uploaded Screenshot (22).png to uploads/1740483294_0_Screenshot (22).png
Array
(
    [success] => 1
    [message] => 
    [images] => Array
        (
            [0] => Array
                (
                    [url] => uploads/1740483294_0_Screenshot (22).png
                    [placeholder] => [img0]
                )

        )

    [errors] => Array
        (
        )

)
